** Angular Live Development Server is listening on 192.168.2.122:4200, open your browser on http://192.168.2.122:4200/ **
[34mℹ[39m [90m｢wdm｣[39m: wait until bundle finished: /?id=simsoldemo

Date: 2021-06-25T09:47:51.917Z
Hash: f71edeb6c4c6b802f202
Time: 63965ms
chunk {es2015-polyfills} es2015-polyfills.js, es2015-polyfills.js.map (es2015-polyfills) 288 kB [initial] [rendered]
chunk {main} main.js, main.js.map (main) 155 kB [initial] [rendered]
chunk {polyfills} polyfills.js, polyfills.js.map (polyfills) 241 kB [initial] [rendered]
chunk {runtime} runtime.js, runtime.js.map (runtime) 6.08 kB [entry] [rendered]
chunk {scripts} scripts.js, scripts.js.map (scripts) 124 kB [entry] [rendered]
chunk {styles} styles.js, styles.js.map (styles) 1.79 MB [initial] [rendered]
chunk {vendor} vendor.js, vendor.js.map (vendor) 7.5 MB [initial] [rendered]
[34mℹ[39m [90m｢wdm｣[39m: Compiled successfully.
[34mℹ[39m [90m｢wdm｣[39m: Compiling...
[34mℹ[39m [90m｢wdm｣[39m: wait until bundle finished: /runtime.js
[34mℹ[39m [90m｢wdm｣[39m: wait until bundle finished: /polyfills.js
[34mℹ[39m [90m｢wdm｣[39m: wait until bundle finished: /styles.js

Date: 2021-06-25T09:48:07.162Z - Hash: f71edeb6c4c6b802f202 - Time: 14434ms
7 unchanged chunks
[34mℹ[39m [90m｢wdm｣[39m: Compiled successfully.
[34mℹ[39m [90m｢wdm｣[39m: Compiling...

Date: 2021-06-25T20:49:49.923Z - Hash: f71edeb6c4c6b802f202 - Time: 1628ms
7 unchanged chunks
[34mℹ[39m [90m｢wdm｣[39m: Compiled successfully.
[34mℹ[39m [90m｢wdm｣[39m: Compiling...

Date: 2021-06-25T20:50:25.297Z - Hash: f71edeb6c4c6b802f202 - Time: 1091ms
7 unchanged chunks
[34mℹ[39m [90m｢wdm｣[39m: Compiled successfully.
[34mℹ[39m [90m｢wdm｣[39m: Compiling...

Date: 2021-06-25T20:51:59.967Z - Hash: f71edeb6c4c6b802f202 - Time: 893ms
7 unchanged chunks
[34mℹ[39m [90m｢wdm｣[39m: Compiled successfully.
[34mℹ[39m [90m｢wdm｣[39m: Compiling...

Date: 2021-06-25T20:52:23.931Z - Hash: f71edeb6c4c6b802f202 - Time: 1046ms
7 unchanged chunks
[34mℹ[39m [90m｢wdm｣[39m: Compiled successfully.
